<?xml version="1.0" encoding="UTF-8"?>
<testsuite name="primeTest.PrimeTest" tests="1" skipped="0" failures="0" errors="0" timestamp="2022-02-18T04:02:49" hostname="ERICK-MARTINEZ" time="0.059">
  <properties/>
  <testcase name="verifyPrimeNumberB()" classname="primeTest.PrimeTest" time="0.059"/>
  <system-out><![CDATA[]]></system-out>
  <system-err><![CDATA[]]></system-err>
</testsuite>
